[INFO] Scanning for projects...
[INFO] 
[INFO] -------------------< com.synergym:synergym-backend >--------------------
[INFO] Building synergym-backend 0.0.1-SNAPSHOT
[INFO]   from pom.xml
[INFO] --------------------------------[ jar ]---------------------------------
[INFO] 
[INFO] --- clean:3.4.0:clean (default-clean) @ synergym-backend ---
[INFO] Deleting C:\Users\ajimcar1608\Desktop\SynerGym-TFG\TFG-SynerGym\synergym-backend\target
[INFO] 
[INFO] --- resources:3.3.1:resources (default-resources) @ synergym-backend ---
[INFO] Copying 1 resource from src\main\resources to target\classes
[INFO] Copying 1 resource from src\main\resources to target\classes
[INFO] 
[INFO] --- compiler:3.13.0:compile (default-compile) @ synergym-backend ---
[INFO] Recompiling the module because of changed source code.
[INFO] Compiling 39 source files with javac [debug parameters release 21] to target\classes
[INFO] -------------------------------------------------------------
[ERROR] COMPILATION ERROR : 
[INFO] -------------------------------------------------------------
[ERROR] /C:/Users/ajimcar1608/Desktop/SynerGym-TFG/TFG-SynerGym/synergym-backend/src/main/java/com/synergym/web/config/JwtUtils.java:[11,21] package com.auth0.jwt does not exist
[ERROR] /C:/Users/ajimcar1608/Desktop/SynerGym-TFG/TFG-SynerGym/synergym-backend/src/main/java/com/synergym/web/config/JwtUtils.java:[12,32] package com.auth0.jwt.algorithms does not exist
[ERROR] /C:/Users/ajimcar1608/Desktop/SynerGym-TFG/TFG-SynerGym/synergym-backend/src/main/java/com/synergym/web/config/JwtUtils.java:[13,32] package com.auth0.jwt.interfaces does not exist
[ERROR] /C:/Users/ajimcar1608/Desktop/SynerGym-TFG/TFG-SynerGym/synergym-backend/src/main/java/com/synergym/web/config/JwtFilter.java:[12,32] package com.auth0.jwt.exceptions does not exist
[ERROR] /C:/Users/ajimcar1608/Desktop/SynerGym-TFG/TFG-SynerGym/synergym-backend/src/main/java/com/synergym/web/config/JwtFilter.java:[13,32] package com.auth0.jwt.exceptions does not exist
[INFO] 5 errors 
[INFO] -------------------------------------------------------------
[INFO] ------------------------------------------------------------------------
[INFO] BUILD FAILURE
[INFO] ------------------------------------------------------------------------
[INFO] Total time:  2.563 s
[INFO] Finished at: 2026-03-20T13:34:16+01:00
[INFO] ------------------------------------------------------------------------
[ERROR] Failed to execute goal org.apache.maven.plugins:maven-compiler-plugin:3.13.0:compile (default-compile) on project synergym-backend: Compilation failure: Compilation failure: 
[ERROR] /C:/Users/ajimcar1608/Desktop/SynerGym-TFG/TFG-SynerGym/synergym-backend/src/main/java/com/synergym/web/config/JwtUtils.java:[11,21] package com.auth0.jwt does not exist
[ERROR] /C:/Users/ajimcar1608/Desktop/SynerGym-TFG/TFG-SynerGym/synergym-backend/src/main/java/com/synergym/web/config/JwtUtils.java:[12,32] package com.auth0.jwt.algorithms does not exist
[ERROR] /C:/Users/ajimcar1608/Desktop/SynerGym-TFG/TFG-SynerGym/synergym-backend/src/main/java/com/synergym/web/config/JwtUtils.java:[13,32] package com.auth0.jwt.interfaces does not exist
[ERROR] /C:/Users/ajimcar1608/Desktop/SynerGym-TFG/TFG-SynerGym/synergym-backend/src/main/java/com/synergym/web/config/JwtFilter.java:[12,32] package com.auth0.jwt.exceptions does not exist
[ERROR] /C:/Users/ajimcar1608/Desktop/SynerGym-TFG/TFG-SynerGym/synergym-backend/src/main/java/com/synergym/web/config/JwtFilter.java:[13,32] package com.auth0.jwt.exceptions does not exist
[ERROR] -> [Help 1]
[ERROR] 
[ERROR] To see the full stack trace of the errors, re-run Maven with the -e switch.
[ERROR] Re-run Maven using the -X switch to enable full debug logging.
[ERROR] 
[ERROR] For more information about the errors and possible solutions, please read the following articles:
[ERROR] [Help 1] http://cwiki.apache.org/confluence/display/MAVEN/MojoFailureException
